#This file was generated using SimGrid-3.31.0
#[master-workers-lab2.py small_platform.xml master-workers-d-lab2.xml --cfg=tracing:yes --cfg=tracing/actor:yes ]
%EventDef PajeDefineContainerType 0
%       Alias string
%       Type string
%       Name string
%EndEventDef
%EventDef PajeDefineVariableType 1
%       Alias string
%       Type string
%       Name string
%       Color color
%EndEventDef
%EventDef PajeDefineStateType 2
%       Alias string
%       Type string
%       Name string
%EndEventDef
%EventDef PajeDefineEventType 3
%       Alias string
%       Type string
%       Name string
%EndEventDef
%EventDef PajeDefineLinkType 4
%       Alias string
%       Type string
%       StartContainerType string
%       EndContainerType string
%       Name string
%EndEventDef
%EventDef PajeDefineEntityValue 5
%       Alias string
%       Type string
%       Name string
%       Color color
%EndEventDef
%EventDef PajeCreateContainer 6
%       Time date
%       Alias string
%       Type string
%       Container string
%       Name string
%EndEventDef
%EventDef PajeDestroyContainer 7
%       Time date
%       Type string
%       Name string
%EndEventDef
%EventDef PajeSetVariable 8
%       Time date
%       Type string
%       Container string
%       Value double
%EndEventDef
%EventDef PajeAddVariable 9
%       Time date
%       Type string
%       Container string
%       Value double
%EndEventDef
%EventDef PajeSubVariable 10
%       Time date
%       Type string
%       Container string
%       Value double
%EndEventDef
%EventDef PajeSetState 11
%       Time date
%       Type string
%       Container string
%       Value string
%EndEventDef
%EventDef PajePushState 12
%       Time date
%       Type string
%       Container string
%       Value string
%EndEventDef
%EventDef PajePopState 13
%       Time date
%       Type string
%       Container string
%EndEventDef
%EventDef PajeResetState 14
%       Time date
%       Type string
%       Container string
%EndEventDef
%EventDef PajeStartLink 15
%       Time date
%       Type string
%       Container string
%       Value string
%       StartContainer string
%       Key string
%EndEventDef
%EventDef PajeEndLink 16
%       Time date
%       Type string
%       Container string
%       Value string
%       EndContainer string
%       Key string
%EndEventDef
%EventDef PajeNewEvent 17
%       Time date
%       Type string
%       Container string
%       Value string
%EndEventDef
0 1 0 HOST
6 0.000000 1 1 0 "Tremblay"
6 0.000000 2 1 0 "Jupiter"
6 0.000000 3 1 0 "Fafard"
6 0.000000 4 1 0 "Ginette"
6 0.000000 5 1 0 "Bourassa"
6 0.000000 6 1 0 "Jacquelin"
6 0.000000 7 1 0 "Boivin"
0 2 0 LINK
6 0.000000 8 2 0 "6"
6 0.000000 9 2 0 "3"
6 0.000000 10 2 0 "7"
6 0.000000 11 2 0 "9"
6 0.000000 12 2 0 "2"
6 0.000000 13 2 0 "8"
6 0.000000 14 2 0 "1"
6 0.000000 15 2 0 "4"
6 0.000000 16 2 0 "0"
6 0.000000 17 2 0 "5"
6 0.000000 18 2 0 "145"
6 0.000000 19 2 0 "10"
6 0.000000 20 2 0 "11"
6 0.000000 21 2 0 "16"
6 0.000000 22 2 0 "17"
6 0.000000 23 2 0 "44"
6 0.000000 24 2 0 "47"
6 0.000000 25 2 0 "54"
6 0.000000 26 2 0 "56"
6 0.000000 27 2 0 "59"
6 0.000000 28 2 0 "78"
6 0.000000 29 2 0 "79"
6 0.000000 30 2 0 "80"
6 0.000000 31 2 0 "loopback"
4 3 0 2 2 0-LINK2-LINK2
4 4 0 1 2 0-HOST1-LINK2
4 5 0 2 1 0-LINK2-HOST1
15 0.000000 3 0 topology 12 0
16 0.000000 3 0 topology 16 0
15 0.000000 3 0 topology 9 1
16 0.000000 3 0 topology 16 1
15 0.000000 3 0 topology 16 2
16 0.000000 3 0 topology 14 2
15 0.000000 3 0 topology 21 3
16 0.000000 3 0 topology 19 3
15 0.000000 3 0 topology 8 4
16 0.000000 3 0 topology 19 4
15 0.000000 3 0 topology 19 5
16 0.000000 3 0 topology 20 5
15 0.000000 3 0 topology 8 6
16 0.000000 3 0 topology 20 6
15 0.000000 3 0 topology 27 7
16 0.000000 3 0 topology 18 7
15 0.000000 4 0 topology 5 8
16 0.000000 4 0 topology 18 8
15 0.000000 4 0 topology 4 9
16 0.000000 4 0 topology 18 9
15 0.000000 4 0 topology 2 10
16 0.000000 4 0 topology 18 10
15 0.000000 3 0 topology 16 11
16 0.000000 3 0 topology 21 11
15 0.000000 3 0 topology 21 12
16 0.000000 3 0 topology 22 12
15 0.000000 3 0 topology 9 13
16 0.000000 3 0 topology 12 13
15 0.000000 3 0 topology 15 14
16 0.000000 3 0 topology 9 14
15 0.000000 4 0 topology 1 15
16 0.000000 4 0 topology 9 15
15 0.000000 3 0 topology 20 16
16 0.000000 3 0 topology 23 16
15 0.000000 3 0 topology 23 17
16 0.000000 3 0 topology 24 17
15 0.000000 4 0 topology 5 18
16 0.000000 4 0 topology 24 18
15 0.000000 4 0 topology 4 19
16 0.000000 4 0 topology 24 19
15 0.000000 4 0 topology 2 20
16 0.000000 4 0 topology 24 20
15 0.000000 3 0 topology 11 21
16 0.000000 3 0 topology 15 21
15 0.000000 4 0 topology 1 22
16 0.000000 4 0 topology 15 22
15 0.000000 3 0 topology 12 23
16 0.000000 3 0 topology 17 23
15 0.000000 3 0 topology 9 24
16 0.000000 3 0 topology 17 24
15 0.000000 3 0 topology 22 25
16 0.000000 3 0 topology 25 25
15 0.000000 3 0 topology 12 26
16 0.000000 3 0 topology 25 26
15 0.000000 3 0 topology 25 27
16 0.000000 3 0 topology 26 27
15 0.000000 3 0 topology 26 28
16 0.000000 3 0 topology 27 28
15 0.000000 3 0 topology 14 29
16 0.000000 3 0 topology 8 29
15 0.000000 3 0 topology 13 30
16 0.000000 3 0 topology 8 30
15 0.000000 3 0 topology 11 31
16 0.000000 3 0 topology 8 31
15 0.000000 3 0 topology 8 32
16 0.000000 3 0 topology 10 32
15 0.000000 3 0 topology 30 33
16 0.000000 3 0 topology 28 33
15 0.000000 4 0 topology 3 34
16 0.000000 4 0 topology 28 34
15 0.000000 3 0 topology 28 35
16 0.000000 3 0 topology 29 35
15 0.000000 4 0 topology 3 36
16 0.000000 4 0 topology 30 36
15 0.000000 3 0 topology 14 37
16 0.000000 3 0 topology 13 37
15 0.000000 3 0 topology 29 38
16 0.000000 3 0 topology 11 38
15 0.000000 4 0 topology 1 39
16 0.000000 4 0 topology 11 39
15 0.000000 5 0 topology 24 40
16 0.000000 5 0 topology 7 40
15 0.000000 5 0 topology 10 41
16 0.000000 5 0 topology 5 41
15 0.000000 5 0 topology 13 42
16 0.000000 5 0 topology 3 42
15 0.000000 5 0 topology 17 43
16 0.000000 5 0 topology 4 43
15 0.000000 5 0 topology 18 44
16 0.000000 5 0 topology 6 44
15 0.000000 5 0 topology 11 45
16 0.000000 5 0 topology 2 45
0 6 1 ACTOR
6 0.000000 32 6 1 "master-1"
2 7 6 ACTOR_STATE
5 8 7 suspend "1 0 1"
5 9 7 sleep "1 1 0"
5 10 7 receive "1 0 0"
5 11 7 send "0 0 1"
5 12 7 execute "0 1 1"
4 13 0 6 6 ACTOR_LINK
15 0.000000 3 0 topology 12 46
16 0.000000 3 0 topology 16 46
15 0.000000 3 0 topology 9 47
16 0.000000 3 0 topology 16 47
15 0.000000 3 0 topology 16 48
16 0.000000 3 0 topology 14 48
15 0.000000 3 0 topology 21 49
16 0.000000 3 0 topology 19 49
15 0.000000 3 0 topology 8 50
16 0.000000 3 0 topology 19 50
15 0.000000 3 0 topology 19 51
16 0.000000 3 0 topology 20 51
15 0.000000 3 0 topology 8 52
16 0.000000 3 0 topology 20 52
15 0.000000 3 0 topology 27 53
16 0.000000 3 0 topology 18 53
15 0.000000 4 0 topology 5 54
16 0.000000 4 0 topology 18 54
15 0.000000 4 0 topology 4 55
16 0.000000 4 0 topology 18 55
15 0.000000 4 0 topology 2 56
16 0.000000 4 0 topology 18 56
15 0.000000 3 0 topology 16 57
16 0.000000 3 0 topology 21 57
15 0.000000 3 0 topology 21 58
16 0.000000 3 0 topology 22 58
15 0.000000 3 0 topology 9 59
16 0.000000 3 0 topology 12 59
15 0.000000 3 0 topology 15 60
16 0.000000 3 0 topology 9 60
15 0.000000 4 0 topology 1 61
16 0.000000 4 0 topology 9 61
15 0.000000 3 0 topology 20 62
16 0.000000 3 0 topology 23 62
15 0.000000 3 0 topology 23 63
16 0.000000 3 0 topology 24 63
15 0.000000 4 0 topology 5 64
16 0.000000 4 0 topology 24 64
15 0.000000 4 0 topology 4 65
16 0.000000 4 0 topology 24 65
15 0.000000 4 0 topology 2 66
16 0.000000 4 0 topology 24 66
15 0.000000 3 0 topology 11 67
16 0.000000 3 0 topology 15 67
15 0.000000 4 0 topology 1 68
16 0.000000 4 0 topology 15 68
15 0.000000 3 0 topology 12 69
16 0.000000 3 0 topology 17 69
15 0.000000 3 0 topology 9 70
16 0.000000 3 0 topology 17 70
15 0.000000 3 0 topology 22 71
16 0.000000 3 0 topology 25 71
15 0.000000 3 0 topology 12 72
16 0.000000 3 0 topology 25 72
15 0.000000 3 0 topology 25 73
16 0.000000 3 0 topology 26 73
15 0.000000 3 0 topology 26 74
16 0.000000 3 0 topology 27 74
15 0.000000 3 0 topology 14 75
16 0.000000 3 0 topology 8 75
15 0.000000 3 0 topology 13 76
16 0.000000 3 0 topology 8 76
15 0.000000 3 0 topology 11 77
16 0.000000 3 0 topology 8 77
15 0.000000 3 0 topology 8 78
16 0.000000 3 0 topology 10 78
15 0.000000 3 0 topology 30 79
16 0.000000 3 0 topology 28 79
15 0.000000 4 0 topology 3 80
16 0.000000 4 0 topology 28 80
15 0.000000 3 0 topology 28 81
16 0.000000 3 0 topology 29 81
15 0.000000 4 0 topology 3 82
16 0.000000 4 0 topology 30 82
15 0.000000 3 0 topology 14 83
16 0.000000 3 0 topology 13 83
15 0.000000 3 0 topology 29 84
16 0.000000 3 0 topology 11 84
15 0.000000 4 0 topology 1 85
16 0.000000 4 0 topology 11 85
15 0.000000 5 0 topology 24 86
16 0.000000 5 0 topology 7 86
15 0.000000 5 0 topology 10 87
16 0.000000 5 0 topology 5 87
15 0.000000 5 0 topology 13 88
16 0.000000 5 0 topology 3 88
15 0.000000 5 0 topology 17 89
16 0.000000 5 0 topology 4 89
15 0.000000 5 0 topology 18 90
16 0.000000 5 0 topology 6 90
15 0.000000 5 0 topology 11 91
16 0.000000 5 0 topology 2 91
6 0.000000 33 6 7 "worker-2"
6 0.000000 34 6 5 "worker-3"
6 0.000000 35 6 3 "worker-4"
6 0.000000 36 6 4 "worker-5"
6 0.000000 37 6 6 "worker-6"
6 0.000000 38 6 2 "worker-7"
6 0.000000 39 6 1 "worker-8"
12 0.000000 7 33 10
12 0.000000 7 34 10
12 0.000000 7 35 10
12 0.000000 7 36 10
12 0.000000 7 37 10
12 0.000000 7 38 10
12 0.000000 7 39 10
12 0.000000 7 32 11
13 0.307970 7 33
13 0.307970 7 32
12 0.307970 7 32 11
12 0.307970 7 33 12
13 0.440589 7 34
13 0.440589 7 32
12 0.440589 7 32 11
12 0.440589 7 34 12
13 0.598986 7 35
13 0.598986 7 32
12 0.598986 7 32 11
12 0.598986 7 35 12
13 0.722718 7 36
13 0.722718 7 32
12 0.722718 7 32 11
12 0.722718 7 36 12
13 0.817680 7 33
12 0.817680 7 33 10
13 1.254328 7 35
12 1.254328 7 35 10
13 1.471687 7 34
12 1.471687 7 34 10
13 1.753815 7 36
12 1.753815 7 36 10
13 2.001755 7 37
13 2.001755 7 32
12 2.001755 7 32 11
12 2.001755 7 37 12
13 2.170910 7 38
13 2.170910 7 32
12 2.170910 7 32 11
12 2.170910 7 38 12
13 2.173175 7 39
13 2.173175 7 32
12 2.173175 7 32 11
12 2.173175 7 39 12
13 2.365834 7 37
12 2.365834 7 37 10
13 2.481145 7 33
13 2.481145 7 32
12 2.481145 7 32 11
12 2.481145 7 33 12
13 2.613764 7 34
13 2.613764 7 32
12 2.613764 7 32 11
12 2.613764 7 34 12
13 2.682885 7 39
12 2.682885 7 39 10
13 2.772161 7 35
13 2.772161 7 32
12 2.772161 7 32 11
12 2.772161 7 35 12
13 2.826252 7 38
12 2.826252 7 38 10
13 2.895893 7 36
13 2.895893 7 32
12 2.895893 7 32 11
12 2.895893 7 36 12
13 2.990855 7 33
12 2.990855 7 33 10
13 3.427503 7 35
12 3.427503 7 35 10
13 3.644862 7 34
12 3.644862 7 34 10
13 3.926991 7 36
12 3.926991 7 36 10
13 4.174930 7 37
13 4.174930 7 32
12 4.174930 7 32 11
12 4.174930 7 37 12
13 4.344085 7 38
13 4.344085 7 32
12 4.344085 7 32 11
12 4.344085 7 38 12
13 4.346350 7 39
13 4.346350 7 32
12 4.346350 7 32 11
12 4.346350 7 39 12
13 4.539009 7 37
12 4.539009 7 37 10
13 4.654320 7 33
13 4.654320 7 32
12 4.654320 7 32 11
12 4.654320 7 33 12
13 4.786939 7 34
13 4.786939 7 32
12 4.786939 7 32 11
12 4.786939 7 34 12
13 4.856060 7 39
12 4.856060 7 39 10
13 4.945336 7 35
13 4.945336 7 32
12 4.945336 7 32 11
12 4.945336 7 35 12
13 4.999427 7 38
12 4.999427 7 38 10
13 5.069068 7 36
13 5.069068 7 32
12 5.069068 7 32 11
12 5.069068 7 36 12
13 5.164030 7 33
12 5.164030 7 33 10
13 5.600678 7 35
12 5.600678 7 35 10
13 5.818037 7 34
12 5.818037 7 34 10
13 6.100166 7 36
12 6.100166 7 36 10
13 6.348105 7 37
13 6.348105 7 32
12 6.348105 7 32 11
12 6.348105 7 37 12
13 6.517260 7 38
13 6.517260 7 32
12 6.517260 7 32 11
12 6.517260 7 38 12
13 6.712184 7 37
12 6.712184 7 37 10
13 6.720284 7 33
13 6.720284 7 32
12 6.720284 7 32 11
7 6.745724 6 33
13 6.745724 7 34
13 6.745724 7 32
12 6.745724 7 32 11
7 6.771432 6 34
13 6.771432 7 35
13 6.771432 7 32
12 6.771432 7 32 11
7 6.787984 6 35
13 6.787984 7 36
13 6.787984 7 32
12 6.787984 7 32 11
7 7.172602 6 36
13 7.172602 7 38
12 7.172602 7 38 10
13 7.648006 7 37
13 7.648006 7 32
12 7.648006 7 32 11
7 7.667020 6 37
13 7.667020 7 38
13 7.667020 7 32
12 7.667020 7 32 11
7 7.667216 6 38
13 7.667216 7 39
13 7.667216 7 32
7 7.667216 6 39
7 7.667216 6 32
7 7.667216 2 16
7 7.667216 2 14
7 7.667216 2 19
7 7.667216 2 20
7 7.667216 2 18
7 7.667216 2 21
7 7.667216 2 22
7 7.667216 2 12
7 7.667216 2 9
7 7.667216 2 15
7 7.667216 2 23
7 7.667216 2 24
7 7.667216 2 17
7 7.667216 2 25
7 7.667216 2 26
7 7.667216 2 27
7 7.667216 2 8
7 7.667216 2 10
7 7.667216 2 28
7 7.667216 2 29
7 7.667216 2 13
7 7.667216 2 30
7 7.667216 2 11
7 7.667216 1 7
7 7.667216 1 5
7 7.667216 1 3
7 7.667216 1 4
7 7.667216 1 6
7 7.667216 1 2
7 7.667216 1 1
7 7.667216 2 31
